2024-12-27 01:17:40,155 - sqlalchemy.engine.Engine - INFO - select pg_catalog.version()
2024-12-27 01:17:40,156 - sqlalchemy.engine.Engine - INFO - [raw sql] ()
2024-12-27 01:17:40,158 - sqlalchemy.engine.Engine - INFO - select current_schema()
2024-12-27 01:17:40,158 - sqlalchemy.engine.Engine - INFO - [raw sql] ()
2024-12-27 01:17:40,159 - sqlalchemy.engine.Engine - INFO - show standard_conforming_strings
2024-12-27 01:17:40,159 - sqlalchemy.engine.Engine - INFO - [raw sql] ()
2024-12-27 01:17:40,161 - sqlalchemy.engine.Engine - INFO - BEGIN (implicit)
2024-12-27 01:17:40,166 - sqlalchemy.engine.Engine - INFO - SELECT pg_catalog.pg_class.relname 
FROM pg_catalog.pg_class JOIN pg_catalog.pg_namespace ON pg_catalog.pg_namespace.oid = pg_catalog.pg_class.relnamespace 
WHERE pg_catalog.pg_class.relname = $1::VARCHAR AND pg_catalog.pg_class.relkind = ANY (ARRAY[$2::VARCHAR, $3::VARCHAR, $4::VARCHAR, $5::VARCHAR, $6::VARCHAR]) AND pg_catalog.pg_table_is_visible(pg_catalog.pg_class.oid) AND pg_catalog.pg_namespace.nspname != $7::VARCHAR
2024-12-27 01:17:40,166 - sqlalchemy.engine.Engine - INFO - [generated in 0.00047s] ('users_data', 'r', 'p', 'f', 'v', 'm', 'pg_catalog')
2024-12-27 01:17:40,170 - sqlalchemy.engine.Engine - INFO - SELECT pg_catalog.pg_class.relname 
FROM pg_catalog.pg_class JOIN pg_catalog.pg_namespace ON pg_catalog.pg_namespace.oid = pg_catalog.pg_class.relnamespace 
WHERE pg_catalog.pg_class.relname = $1::VARCHAR AND pg_catalog.pg_class.relkind = ANY (ARRAY[$2::VARCHAR, $3::VARCHAR, $4::VARCHAR, $5::VARCHAR, $6::VARCHAR]) AND pg_catalog.pg_table_is_visible(pg_catalog.pg_class.oid) AND pg_catalog.pg_namespace.nspname != $7::VARCHAR
2024-12-27 01:17:40,170 - sqlalchemy.engine.Engine - INFO - [cached since 0.004293s ago] ('city_user', 'r', 'p', 'f', 'v', 'm', 'pg_catalog')
2024-12-27 01:17:40,171 - sqlalchemy.engine.Engine - INFO - SELECT pg_catalog.pg_class.relname 
FROM pg_catalog.pg_class JOIN pg_catalog.pg_namespace ON pg_catalog.pg_namespace.oid = pg_catalog.pg_class.relnamespace 
WHERE pg_catalog.pg_class.relname = $1::VARCHAR AND pg_catalog.pg_class.relkind = ANY (ARRAY[$2::VARCHAR, $3::VARCHAR, $4::VARCHAR, $5::VARCHAR, $6::VARCHAR]) AND pg_catalog.pg_table_is_visible(pg_catalog.pg_class.oid) AND pg_catalog.pg_namespace.nspname != $7::VARCHAR
2024-12-27 01:17:40,171 - sqlalchemy.engine.Engine - INFO - [cached since 0.005195s ago] ('city', 'r', 'p', 'f', 'v', 'm', 'pg_catalog')
2024-12-27 01:17:40,171 - sqlalchemy.engine.Engine - INFO - SELECT pg_catalog.pg_class.relname 
FROM pg_catalog.pg_class JOIN pg_catalog.pg_namespace ON pg_catalog.pg_namespace.oid = pg_catalog.pg_class.relnamespace 
WHERE pg_catalog.pg_class.relname = $1::VARCHAR AND pg_catalog.pg_class.relkind = ANY (ARRAY[$2::VARCHAR, $3::VARCHAR, $4::VARCHAR, $5::VARCHAR, $6::VARCHAR]) AND pg_catalog.pg_table_is_visible(pg_catalog.pg_class.oid) AND pg_catalog.pg_namespace.nspname != $7::VARCHAR
2024-12-27 01:17:40,171 - sqlalchemy.engine.Engine - INFO - [cached since 0.00579s ago] ('hospital', 'r', 'p', 'f', 'v', 'm', 'pg_catalog')
2024-12-27 01:17:40,172 - sqlalchemy.engine.Engine - INFO - SELECT pg_catalog.pg_class.relname 
FROM pg_catalog.pg_class JOIN pg_catalog.pg_namespace ON pg_catalog.pg_namespace.oid = pg_catalog.pg_class.relnamespace 
WHERE pg_catalog.pg_class.relname = $1::VARCHAR AND pg_catalog.pg_class.relkind = ANY (ARRAY[$2::VARCHAR, $3::VARCHAR, $4::VARCHAR, $5::VARCHAR, $6::VARCHAR]) AND pg_catalog.pg_table_is_visible(pg_catalog.pg_class.oid) AND pg_catalog.pg_namespace.nspname != $7::VARCHAR
2024-12-27 01:17:40,173 - sqlalchemy.engine.Engine - INFO - [cached since 0.006892s ago] ('lab_tests', 'r', 'p', 'f', 'v', 'm', 'pg_catalog')
2024-12-27 01:17:40,174 - sqlalchemy.engine.Engine - INFO - SELECT pg_catalog.pg_class.relname 
FROM pg_catalog.pg_class JOIN pg_catalog.pg_namespace ON pg_catalog.pg_namespace.oid = pg_catalog.pg_class.relnamespace 
WHERE pg_catalog.pg_class.relname = $1::VARCHAR AND pg_catalog.pg_class.relkind = ANY (ARRAY[$2::VARCHAR, $3::VARCHAR, $4::VARCHAR, $5::VARCHAR, $6::VARCHAR]) AND pg_catalog.pg_table_is_visible(pg_catalog.pg_class.oid) AND pg_catalog.pg_namespace.nspname != $7::VARCHAR
2024-12-27 01:17:40,174 - sqlalchemy.engine.Engine - INFO - [cached since 0.008071s ago] ('admissions', 'r', 'p', 'f', 'v', 'm', 'pg_catalog')
2024-12-27 01:17:40,175 - sqlalchemy.engine.Engine - INFO - SELECT pg_catalog.pg_class.relname 
FROM pg_catalog.pg_class JOIN pg_catalog.pg_namespace ON pg_catalog.pg_namespace.oid = pg_catalog.pg_class.relnamespace 
WHERE pg_catalog.pg_class.relname = $1::VARCHAR AND pg_catalog.pg_class.relkind = ANY (ARRAY[$2::VARCHAR, $3::VARCHAR, $4::VARCHAR, $5::VARCHAR, $6::VARCHAR]) AND pg_catalog.pg_table_is_visible(pg_catalog.pg_class.oid) AND pg_catalog.pg_namespace.nspname != $7::VARCHAR
2024-12-27 01:17:40,175 - sqlalchemy.engine.Engine - INFO - [cached since 0.00917s ago] ('doctors', 'r', 'p', 'f', 'v', 'm', 'pg_catalog')
2024-12-27 01:17:40,176 - sqlalchemy.engine.Engine - INFO - SELECT pg_catalog.pg_class.relname 
FROM pg_catalog.pg_class JOIN pg_catalog.pg_namespace ON pg_catalog.pg_namespace.oid = pg_catalog.pg_class.relnamespace 
WHERE pg_catalog.pg_class.relname = $1::VARCHAR AND pg_catalog.pg_class.relkind = ANY (ARRAY[$2::VARCHAR, $3::VARCHAR, $4::VARCHAR, $5::VARCHAR, $6::VARCHAR]) AND pg_catalog.pg_table_is_visible(pg_catalog.pg_class.oid) AND pg_catalog.pg_namespace.nspname != $7::VARCHAR
2024-12-27 01:17:40,176 - sqlalchemy.engine.Engine - INFO - [cached since 0.009953s ago] ('doctor_specialization', 'r', 'p', 'f', 'v', 'm', 'pg_catalog')
2024-12-27 01:17:40,176 - sqlalchemy.engine.Engine - INFO - COMMIT
2024-12-27 01:17:47,400 - sqlalchemy.engine.Engine - INFO - select pg_catalog.version()
2024-12-27 01:17:47,400 - sqlalchemy.engine.Engine - INFO - [raw sql] ()
2024-12-27 01:17:47,401 - sqlalchemy.engine.Engine - INFO - select current_schema()
2024-12-27 01:17:47,401 - sqlalchemy.engine.Engine - INFO - [raw sql] ()
2024-12-27 01:17:47,402 - sqlalchemy.engine.Engine - INFO - show standard_conforming_strings
2024-12-27 01:17:47,402 - sqlalchemy.engine.Engine - INFO - [raw sql] ()
2024-12-27 01:17:47,403 - sqlalchemy.engine.Engine - INFO - BEGIN (implicit)
2024-12-27 01:17:47,406 - sqlalchemy.engine.Engine - INFO - SELECT pg_catalog.pg_class.relname 
FROM pg_catalog.pg_class JOIN pg_catalog.pg_namespace ON pg_catalog.pg_namespace.oid = pg_catalog.pg_class.relnamespace 
WHERE pg_catalog.pg_class.relname = $1::VARCHAR AND pg_catalog.pg_class.relkind = ANY (ARRAY[$2::VARCHAR, $3::VARCHAR, $4::VARCHAR, $5::VARCHAR, $6::VARCHAR]) AND pg_catalog.pg_table_is_visible(pg_catalog.pg_class.oid) AND pg_catalog.pg_namespace.nspname != $7::VARCHAR
2024-12-27 01:17:47,406 - sqlalchemy.engine.Engine - INFO - [generated in 0.00035s] ('users_data', 'r', 'p', 'f', 'v', 'm', 'pg_catalog')
2024-12-27 01:17:47,409 - sqlalchemy.engine.Engine - INFO - SELECT pg_catalog.pg_class.relname 
FROM pg_catalog.pg_class JOIN pg_catalog.pg_namespace ON pg_catalog.pg_namespace.oid = pg_catalog.pg_class.relnamespace 
WHERE pg_catalog.pg_class.relname = $1::VARCHAR AND pg_catalog.pg_class.relkind = ANY (ARRAY[$2::VARCHAR, $3::VARCHAR, $4::VARCHAR, $5::VARCHAR, $6::VARCHAR]) AND pg_catalog.pg_table_is_visible(pg_catalog.pg_class.oid) AND pg_catalog.pg_namespace.nspname != $7::VARCHAR
2024-12-27 01:17:47,409 - sqlalchemy.engine.Engine - INFO - [cached since 0.003157s ago] ('city_user', 'r', 'p', 'f', 'v', 'm', 'pg_catalog')
2024-12-27 01:17:47,409 - sqlalchemy.engine.Engine - INFO - SELECT pg_catalog.pg_class.relname 
FROM pg_catalog.pg_class JOIN pg_catalog.pg_namespace ON pg_catalog.pg_namespace.oid = pg_catalog.pg_class.relnamespace 
WHERE pg_catalog.pg_class.relname = $1::VARCHAR AND pg_catalog.pg_class.relkind = ANY (ARRAY[$2::VARCHAR, $3::VARCHAR, $4::VARCHAR, $5::VARCHAR, $6::VARCHAR]) AND pg_catalog.pg_table_is_visible(pg_catalog.pg_class.oid) AND pg_catalog.pg_namespace.nspname != $7::VARCHAR
2024-12-27 01:17:47,409 - sqlalchemy.engine.Engine - INFO - [cached since 0.003691s ago] ('city', 'r', 'p', 'f', 'v', 'm', 'pg_catalog')
2024-12-27 01:17:47,410 - sqlalchemy.engine.Engine - INFO - SELECT pg_catalog.pg_class.relname 
FROM pg_catalog.pg_class JOIN pg_catalog.pg_namespace ON pg_catalog.pg_namespace.oid = pg_catalog.pg_class.relnamespace 
WHERE pg_catalog.pg_class.relname = $1::VARCHAR AND pg_catalog.pg_class.relkind = ANY (ARRAY[$2::VARCHAR, $3::VARCHAR, $4::VARCHAR, $5::VARCHAR, $6::VARCHAR]) AND pg_catalog.pg_table_is_visible(pg_catalog.pg_class.oid) AND pg_catalog.pg_namespace.nspname != $7::VARCHAR
2024-12-27 01:17:47,410 - sqlalchemy.engine.Engine - INFO - [cached since 0.004206s ago] ('hospital', 'r', 'p', 'f', 'v', 'm', 'pg_catalog')
2024-12-27 01:17:47,410 - sqlalchemy.engine.Engine - INFO - SELECT pg_catalog.pg_class.relname 
FROM pg_catalog.pg_class JOIN pg_catalog.pg_namespace ON pg_catalog.pg_namespace.oid = pg_catalog.pg_class.relnamespace 
WHERE pg_catalog.pg_class.relname = $1::VARCHAR AND pg_catalog.pg_class.relkind = ANY (ARRAY[$2::VARCHAR, $3::VARCHAR, $4::VARCHAR, $5::VARCHAR, $6::VARCHAR]) AND pg_catalog.pg_table_is_visible(pg_catalog.pg_class.oid) AND pg_catalog.pg_namespace.nspname != $7::VARCHAR
2024-12-27 01:17:47,410 - sqlalchemy.engine.Engine - INFO - [cached since 0.004698s ago] ('lab_tests', 'r', 'p', 'f', 'v', 'm', 'pg_catalog')
2024-12-27 01:17:47,411 - sqlalchemy.engine.Engine - INFO - SELECT pg_catalog.pg_class.relname 
FROM pg_catalog.pg_class JOIN pg_catalog.pg_namespace ON pg_catalog.pg_namespace.oid = pg_catalog.pg_class.relnamespace 
WHERE pg_catalog.pg_class.relname = $1::VARCHAR AND pg_catalog.pg_class.relkind = ANY (ARRAY[$2::VARCHAR, $3::VARCHAR, $4::VARCHAR, $5::VARCHAR, $6::VARCHAR]) AND pg_catalog.pg_table_is_visible(pg_catalog.pg_class.oid) AND pg_catalog.pg_namespace.nspname != $7::VARCHAR
2024-12-27 01:17:47,411 - sqlalchemy.engine.Engine - INFO - [cached since 0.005267s ago] ('admissions', 'r', 'p', 'f', 'v', 'm', 'pg_catalog')
2024-12-27 01:17:47,411 - sqlalchemy.engine.Engine - INFO - SELECT pg_catalog.pg_class.relname 
FROM pg_catalog.pg_class JOIN pg_catalog.pg_namespace ON pg_catalog.pg_namespace.oid = pg_catalog.pg_class.relnamespace 
WHERE pg_catalog.pg_class.relname = $1::VARCHAR AND pg_catalog.pg_class.relkind = ANY (ARRAY[$2::VARCHAR, $3::VARCHAR, $4::VARCHAR, $5::VARCHAR, $6::VARCHAR]) AND pg_catalog.pg_table_is_visible(pg_catalog.pg_class.oid) AND pg_catalog.pg_namespace.nspname != $7::VARCHAR
2024-12-27 01:17:47,411 - sqlalchemy.engine.Engine - INFO - [cached since 0.005706s ago] ('doctors', 'r', 'p', 'f', 'v', 'm', 'pg_catalog')
2024-12-27 01:17:47,412 - sqlalchemy.engine.Engine - INFO - SELECT pg_catalog.pg_class.relname 
FROM pg_catalog.pg_class JOIN pg_catalog.pg_namespace ON pg_catalog.pg_namespace.oid = pg_catalog.pg_class.relnamespace 
WHERE pg_catalog.pg_class.relname = $1::VARCHAR AND pg_catalog.pg_class.relkind = ANY (ARRAY[$2::VARCHAR, $3::VARCHAR, $4::VARCHAR, $5::VARCHAR, $6::VARCHAR]) AND pg_catalog.pg_table_is_visible(pg_catalog.pg_class.oid) AND pg_catalog.pg_namespace.nspname != $7::VARCHAR
2024-12-27 01:17:47,412 - sqlalchemy.engine.Engine - INFO - [cached since 0.006118s ago] ('doctor_specialization', 'r', 'p', 'f', 'v', 'm', 'pg_catalog')
2024-12-27 01:17:47,413 - sqlalchemy.engine.Engine - INFO - COMMIT
2024-12-27 01:19:15,541 - sqlalchemy.engine.Engine - INFO - BEGIN (implicit)
2024-12-27 01:19:15,543 - sqlalchemy.engine.Engine - INFO - SELECT users_data.password, users_data.name, users_data.login, users_data.phone, users_data.id 
FROM users_data 
WHERE users_data.phone = $1::BIGINT AND users_data.password = $2::VARCHAR
2024-12-27 01:19:15,543 - sqlalchemy.engine.Engine - INFO - [generated in 0.00017s] (13, 'w123w')
2024-12-27 01:19:15,545 - sqlalchemy.engine.Engine - INFO - ROLLBACK
